# JRE version: OpenJDK Runtime Environment (8.0) (build 1.8.0-internal-jenkins_2017_07_27_20_16-b00)
# Java VM: OpenJDK 64-Bit Server VM (25.71-b00 mixed mode linux-amd64 compressed oops)
Heap:
 PSYoungGen      total 235520K, used 71768K [0x00000000f0000000, 0x0000000100000000, 0x0000000100000000)
  eden space 218112K, 24% used [0x00000000f0000000,0x00000000f3534e70,0x00000000fd500000)
  from space 17408K, 99% used [0x00000000fd500000,0x00000000fe5e1218,0x00000000fe600000)
  to   space 23040K, 0% used [0x00000000fe980000,0x00000000fe980000,0x0000000100000000)
 ParOldGen       total 524288K, used 179097K [0x00000000d0000000, 0x00000000f0000000, 0x00000000f0000000)
  object space 524288K, 34% used [0x00000000d0000000,0x00000000daee6450,0x00000000f0000000)
 Metaspace       used 88973K, capacity 94666K, committed 94936K, reserved 1132544K
  class space    used 10567K, capacity 12443K, committed 12504K, reserved 1048576K
GC Heap History (10 events):
Event: 2989.000 GC heap before
{Heap before GC invocations=90 (full 3):
 PSYoungGen      total 248320K, used 241295K [0x00000000f0000000, 0x0000000100000000, 0x0000000100000000)
  eden space 233984K, 100% used [0x00000000f0000000,0x00000000fe480000,0x00000000fe480000)
  from space 14336K, 51% used [0x00000000ff200000,0x00000000ff923ea0,0x0000000100000000)
  to   space 13824K, 0% used [0x00000000fe480000,0x00000000fe480000,0x00000000ff200000)
 ParOldGen       total 524288K, used 173521K [0x00000000d0000000, 0x00000000f0000000, 0x00000000f0000000)
  object space 524288K, 33% used [0x00000000d0000000,0x00000000da9744b8,0x00000000f0000000)
 Metaspace       used 86572K, capacity 91988K, committed 92120K, reserved 1128448K
  class space    used 10386K, capacity 12154K, committed 12248K, reserved 1048576K
Event: 2989.081 GC heap after
Heap after GC invocations=90 (full 3):
 PSYoungGen      total 247808K, used 13806K [0x00000000f0000000, 0x0000000100000000, 0x0000000100000000)
  eden space 233984K, 0% used [0x00000000f0000000,0x00000000f0000000,0x00000000fe480000)
  from space 13824K, 99% used [0x00000000fe480000,0x00000000ff1fb820,0x00000000ff200000)
  to   space 14336K, 0% used [0x00000000ff200000,0x00000000ff200000,0x0000000100000000)
 ParOldGen       total 524288K, used 174782K [0x00000000d0000000, 0x00000000f0000000, 0x00000000f0000000)
  object space 524288K, 33% used [0x00000000d0000000,0x00000000daaafad0,0x00000000f0000000)
 Metaspace       used 86572K, capacity 91988K, committed 92120K, reserved 1128448K
  class space    used 10386K, capacity 12154K, committed 12248K, reserved 1048576K
}
Event: 3101.260 GC heap before
{Heap before GC invocations=91 (full 3):
 PSYoungGen      total 247808K, used 247521K [0x00000000f0000000, 0x0000000100000000, 0x0000000100000000)
  eden space 233984K, 99% used [0x00000000f0000000,0x00000000fe43cf20,0x00000000fe480000)
  from space 13824K, 99% used [0x00000000fe480000,0x00000000ff1fb820,0x00000000ff200000)
  to   space 14336K, 0% used [0x00000000ff200000,0x00000000ff200000,0x0000000100000000)
 ParOldGen       total 524288K, used 174782K [0x00000000d0000000, 0x00000000f0000000, 0x00000000f0000000)
  object space 524288K, 33% used [0x00000000d0000000,0x00000000daaafad0,0x00000000f0000000)
 Metaspace       used 87251K, capacity 92814K, committed 93016K, reserved 1130496K
  class space    used 10455K, capacity 12275K, committed 12376K, reserved 1048576K
Event: 3101.388 GC heap after
Heap after GC invocations=91 (full 3):
 PSYoungGen      total 239616K, used 14325K [0x00000000f0000000, 0x0000000100000000, 0x0000000100000000)
  eden space 225280K, 0% used [0x00000000f0000000,0x00000000f0000000,0x00000000fdc00000)
  from space 14336K, 99% used [0x00000000ff200000,0x00000000ffffd4b8,0x0000000100000000)
  to   space 18432K, 0% used [0x00000000fdc00000,0x00000000fdc00000,0x00000000fee00000)
 ParOldGen       total 524288K, used 178244K [0x00000000d0000000, 0x00000000f0000000, 0x00000000f0000000)
  object space 524288K, 33% used [0x00000000d0000000,0x00000000dae11100,0x00000000f0000000)
 Metaspace       used 87251K, capacity 92814K, committed 93016K, reserved 1130496K
  class space    used 10455K, capacity 12275K, committed 12376K, reserved 1048576K
}
Event: 3394.983 GC heap before
{Heap before GC invocations=92 (full 3):
 PSYoungGen      total 239616K, used 238618K [0x00000000f0000000, 0x0000000100000000, 0x0000000100000000)
  eden space 225280K, 99% used [0x00000000f0000000,0x00000000fdb095a0,0x00000000fdc00000)
  from space 14336K, 99% used [0x00000000ff200000,0x00000000ffffd4b8,0x0000000100000000)
  to   space 18432K, 0% used [0x00000000fdc00000,0x00000000fdc00000,0x00000000fee00000)
 ParOldGen       total 524288K, used 178244K [0x00000000d0000000, 0x00000000f0000000, 0x00000000f0000000)
  object space 524288K, 33% used [0x00000000d0000000,0x00000000dae11100,0x00000000f0000000)
 Metaspace       used 87392K, capacity 93014K, committed 93272K, reserved 1130496K
  class space    used 10486K, capacity 12331K, committed 12376K, reserved 1048576K
Event: 3395.082 GC heap after
Heap after GC invocations=92 (full 3):
 PSYoungGen      total 239616K, used 17423K [0x00000000f0000000, 0x0000000100000000, 0x0000000100000000)
  eden space 221696K, 0% used [0x00000000f0000000,0x00000000f0000000,0x00000000fd880000)
  from space 17920K, 97% used [0x00000000fdc00000,0x00000000fed03ce0,0x00000000fed80000)
  to   space 18944K, 0% used [0x00000000fed80000,0x00000000fed80000,0x0000000100000000)
 ParOldGen       total 524288K, used 179097K [0x00000000d0000000, 0x00000000f0000000, 0x00000000f0000000)
  object space 524288K, 34% used [0x00000000d0000000,0x00000000daee6450,0x00000000f0000000)
 Metaspace       used 87392K, capacity 93014K, committed 93272K, reserved 1130496K
  class space    used 10486K, capacity 12331K, committed 12376K, reserved 1048576K
}
Event: 4015.669 GC heap before
{Heap before GC invocations=93 (full 3):
 PSYoungGen      total 239616K, used 239119K [0x00000000f0000000, 0x0000000100000000, 0x0000000100000000)
  eden space 221696K, 100% used [0x00000000f0000000,0x00000000fd880000,0x00000000fd880000)
  from space 17920K, 97% used [0x00000000fdc00000,0x00000000fed03ce0,0x00000000fed80000)
  to   space 18944K, 0% used [0x00000000fed80000,0x00000000fed80000,0x0000000100000000)
 ParOldGen       total 524288K, used 179097K [0x00000000d0000000, 0x00000000f0000000, 0x00000000f0000000)
  object space 524288K, 34% used [0x00000000d0000000,0x00000000daee6450,0x00000000f0000000)
 Metaspace       used 88658K, capacity 94344K, committed 94424K, reserved 1130496K
  class space    used 10547K, capacity 12431K, committed 12504K, reserved 1048576K
Event: 4015.733 GC heap after
Heap after GC invocations=93 (full 3):
 PSYoungGen      total 237056K, used 17993K [0x00000000f0000000, 0x0000000100000000, 0x0000000100000000)
  eden space 218112K, 0% used [0x00000000f0000000,0x00000000f0000000,0x00000000fd500000)
  from space 18944K, 94% used [0x00000000fed80000,0x00000000fff126d8,0x0000000100000000)
  to   space 22016K, 0% used [0x00000000fd500000,0x00000000fd500000,0x00000000fea80000)
 ParOldGen       total 524288K, used 179097K [0x00000000d0000000, 0x00000000f0000000, 0x00000000f0000000)
  object space 524288K, 34% used [0x00000000d0000000,0x00000000daee6450,0x00000000f0000000)
 Metaspace       used 88658K, capacity 94344K, committed 94424K, reserved 1130496K
  class space    used 10547K, capacity 12431K, committed 12504K, reserved 1048576K
}
Event: 4076.713 GC heap before
{Heap before GC invocations=94 (full 3):
 PSYoungGen      total 237056K, used 236100K [0x00000000f0000000, 0x0000000100000000, 0x0000000100000000)
  eden space 218112K, 99% used [0x00000000f0000000,0x00000000fd4febc0,0x00000000fd500000)
  from space 18944K, 94% used [0x00000000fed80000,0x00000000fff126d8,0x0000000100000000)
  to   space 22016K, 0% used [0x00000000fd500000,0x00000000fd500000,0x00000000fea80000)
 ParOldGen       total 524288K, used 179097K [0x00000000d0000000, 0x00000000f0000000, 0x00000000f0000000)
  object space 524288K, 34% used [0x00000000d0000000,0x00000000daee6450,0x00000000f0000000)
 Metaspace       used 88963K, capacity 94648K, committed 94936K, reserved 1132544K
  class space    used 10565K, capacity 12439K, committed 12504K, reserved 1048576K
Event: 4076.760 GC heap after
Heap after GC invocations=94 (full 3):
 PSYoungGen      total 235520K, used 17284K [0x00000000f0000000, 0x0000000100000000, 0x0000000100000000)
  eden space 218112K, 0% used [0x00000000f0000000,0x00000000f0000000,0x00000000fd500000)
  from space 17408K, 99% used [0x00000000fd500000,0x00000000fe5e1218,0x00000000fe600000)
  to   space 23040K, 0% used [0x00000000fe980000,0x00000000fe980000,0x0000000100000000)
 ParOldGen       total 524288K, used 179097K [0x00000000d0000000, 0x00000000f0000000, 0x00000000f0000000)
  object space 524288K, 34% used [0x00000000d0000000,0x00000000daee6450,0x00000000f0000000)
 Metaspace       used 88963K, capacity 94648K, committed 94936K, reserved 1132544K
  class space    used 10565K, capacity 12439K, committed 12504K, reserved 1048576K
}

